<?xml version="1.0" encoding="UTF-8"?>
<testsuite name="com.aor.numbers.ListSorterTest" tests="2" skipped="0" failures="0" errors="0" timestamp="2022-10-13T09:21:27" hostname="MacBook-Pro-de-Nuno-3.local" time="0.004">
  <properties/>
  <testcase name="bug_sort()" classname="com.aor.numbers.ListSorterTest" time="0.002"/>
  <testcase name="sort()" classname="com.aor.numbers.ListSorterTest" time="0.001"/>
  <system-out><![CDATA[]]></system-out>
  <system-err><![CDATA[]]></system-err>
</testsuite>
