<?xml version="1.0" encoding="UTF-8"?>
<testsuite name="com.aor.numbers.ListDeduplicatorTest" tests="3" skipped="0" failures="0" errors="0" timestamp="2022-10-13T09:47:28" hostname="MacBook-Pro-de-Nuno-3.local" time="0.02">
  <properties/>
  <testcase name="deduplicate()" classname="com.aor.numbers.ListDeduplicatorTest" time="0.003"/>
  <testcase name="bug_deduplicate_8726()" classname="com.aor.numbers.ListDeduplicatorTest" time="0.001"/>
  <testcase name="use_deduplicate()" classname="com.aor.numbers.ListDeduplicatorTest" time="0.015"/>
  <system-out><![CDATA[]]></system-out>
  <system-err><![CDATA[]]></system-err>
</testsuite>
