<?xml version="1.0" encoding="UTF-8"?>
<testsuite name="com.aor.numbers.ListDeduplicatorTest" tests="3" skipped="0" failures="0" errors="0" timestamp="2022-10-18T16:20:10" hostname="MacBook-Pro-de-Nuno-4.local" time="0.019">
  <properties/>
  <testcase name="deduplicate()" classname="com.aor.numbers.ListDeduplicatorTest" time="0.003"/>
  <testcase name="bug_deduplicate_8726()" classname="com.aor.numbers.ListDeduplicatorTest" time="0.002"/>
  <testcase name="use_deduplicate()" classname="com.aor.numbers.ListDeduplicatorTest" time="0.014"/>
  <system-out><![CDATA[]]></system-out>
  <system-err><![CDATA[]]></system-err>
</testsuite>
